<?xml version="1.0" encoding="UTF-8"?>
<testsuite xmlns:xsi="http://www.w3.org/2001/XMLSchema-instance" xsi:noNamespaceSchemaLocation="https://maven.apache.org/surefire/maven-surefire-plugin/xsd/surefire-test-report-3.0.xsd" version="3.0" name="com.example.deploy.DeployApplicationTests" time="11.62" tests="1" errors="0" skipped="0" failures="0">
  <properties>
[...]
</properties>
  <testcase name="contextLoads" classname="com.example.deploy.DeployApplicationTests" time="2.225">
    <system-out><![CDATA[02:22:34.024 [main] INFO org.springframework.boot.test.context.SpringBootTestContextBootstrapper -- Found @SpringBootConfiguration com.example.deploy.DeployApplication for test class com.example.deploy.DeployApplicationTests

  .   ____          _            __ _ _
 /\\ / ___'_ __ _ _(_)_ __  __ _ \ \ \ \
( ( )\___ | '_ | '_| | '_ \/ _` | \ \ \ \
 \\/  ___)| |_)| | | | | || (_| |  ) ) ) )
  '  |____| .__|_| |_|_| |_\__, | / / / /
 =========|_|==============|___/=/_/_/_/
 :: Spring Boot ::                (v3.2.1)

2024-01-10T02:22:35.799+06:00  INFO 17980 --- [           main] c.example.deploy.DeployApplicationTests  : Starting DeployApplicationTests using Java 17.0.4.1 with PID 17980 (started by drmcn in D:\Personal-Project\deploy)
2024-01-10T02:22:35.802+06:00  INFO 17980 --- [           main] c.example.deploy.DeployApplicationTests  : No active profile set, falling back to 1 default profile: "default"
2024-01-10T02:22:41.865+06:00  INFO 17980 --- [           main] c.example.deploy.DeployApplicationTests  : Started DeployApplicationTests in 7.405 seconds (process running for 11.197)
]]></system-out>
  </testcase>
</testsuite>eploy.DeployApplicationTests  : No active profile set, falling back to 1 default profile: "default"
2024-01-10T02:22:42.076+06:00  INFO 5500 --- [           main] c.example.deploy.DeployApplicationTests  : Started DeployApplicationTests in 7.616 seconds (process running for 11.417)
]]></system-out>
  </testcase>
</testsuite>