<?xml version="1.0" encoding="UTF-8"?>
<testsuite xmlns:xsi="http://www.w3.org/2001/XMLSchema-instance" xsi:noNamespaceSchemaLocation="https://maven.apache.org/surefire/maven-surefire-plugin/xsd/surefire-test-report-3.0.xsd" version="3.0" name="com.example.deploy.DeployApplicationTests" time="7.738" tests="1" errors="0" skipped="0" failures="0">
  <properties>
[...]
</properties>
  <testcase name="contextLoads" classname="com.example.deploy.DeployApplicationTests" time="1.501">
    <system-out><![CDATA[00:52:36.697 [main] INFO org.springframework.test.context.support.AnnotationConfigContextLoaderUtils -- Could not detect default configuration classes for test class [com.example.deploy.DeployApplicationTests]: DeployApplicationTests does not declare any static, non-private, non-final, nested classes annotated with @Configuration.
00:52:36.898 [main] INFO org.springframework.boot.test.context.SpringBootTestContextBootstrapper -- Found @SpringBootConfiguration com.example.deploy.DeployApplication for test class com.example.deploy.DeployApplicationTests

  .   ____          _            __ _ _
 /\\ / ___'_ __ _ _(_)_ __  __ _ \ \ \ \
( ( )\___ | '_ | '_| | '_ \/ _` | \ \ \ \
 \\/  ___)| |_)| | | | | || (_| |  ) ) ) )
  '  |____| .__|_| |_|_| |_\__, | / / / /
 =========|_|==============|___/=/_/_/_/
 :: Spring Boot ::                (v3.2.1)

2024-01-15T00:52:37.684+06:00  INFO 22436 --- [           main] c.example.deploy.DeployApplicationTests  : Starting DeployApplicationTests using Java 17.0.4.1 with PID 22436 (started by drmcn in D:\Personal-Project\deploy)
2024-01-15T00:52:37.689+06:00  INFO 22436 --- [           main] c.example.deploy.DeployApplicationTests  : No active profile set, falling back to 1 default profile: "default"
2024-01-15T00:52:38.658+06:00  INFO 22436 --- [           main] .s.d.r.c.RepositoryConfigurationDelegate : Bootstrapping Spring Data DynamoDB repositories in DEFAULT mode.
2024-01-15T00:52:38.762+06:00  INFO 22436 --- [           main] .s.d.r.c.RepositoryConfigurationDelegate : Finished Spring Data repository scanning in 88 ms. Found 1 DynamoDB repository interface.
2024-01-15T00:52:40.022+06:00  WARN 22436 --- [           main] trationDelegate$BeanPostProcessorChecker : Bean 'dynamoDBConfig' of type [com.example.deploy.config.DynamoDBConfig$$SpringCGLIB$$0] is not eligible for getting processed by all BeanPostProcessors (for example: not eligible for auto-proxying). Is this bean getting eagerly injected into a currently created BeanPostProcessor [methodValidationPostProcessor]? Check the corresponding BeanPostProcessor declaration and its dependencies.
2024-01-15T00:52:40.163+06:00  WARN 22436 --- [           main] trationDelegate$BeanPostProcessorChecker : Bean 'amazonAWSCredentials' of type [com.amazonaws.auth.BasicAWSCredentials] is not eligible for getting processed by all BeanPostProcessors (for example: not eligible for auto-proxying). Is this bean getting eagerly injected into a currently created BeanPostProcessor [methodValidationPostProcessor]? Check the corresponding BeanPostProcessor declaration and its dependencies.
2024-01-15T00:52:40.921+06:00  WARN 22436 --- [           main] trationDelegate$BeanPostProcessorChecker : Bean 'amazonDynamoDB' of type [com.amazonaws.services.dynamodbv2.AmazonDynamoDBClient] is not eligible for getting processed by all BeanPostProcessors (for example: not eligible for auto-proxying). Is this bean getting eagerly injected into a currently created BeanPostProcessor [methodValidationPostProcessor]? Check the corresponding BeanPostProcessor declaration and its dependencies.
2024-01-15T00:52:40.975+06:00  WARN 22436 --- [           main] trationDelegate$BeanPostProcessorChecker : Bean 'dynamoDB-DynamoDBMapperConfig' of type [com.amazonaws.services.dynamodbv2.datamodeling.DynamoDBMapperConfig] is not eligible for getting processed by all BeanPostProcessors (for example: not eligible for auto-proxying). Is this bean getting eagerly injected into a currently created BeanPostProcessor [methodValidationPostProcessor]? Check the corresponding BeanPostProcessor declaration and its dependencies.
2024-01-15T00:52:41.190+06:00  INFO 22436 --- [           main] o.s.s.d.d.r.s.DynamoDBRepositoryFactory  : Spring Data DynamoDB Version: 5.1.0 (2.1)
2024-01-15T00:52:41.193+06:00  INFO 22436 --- [           main] o.s.s.d.d.r.s.DynamoDBRepositoryFactory  : Spring Data Version:          3.2.1
2024-01-15T00:52:41.193+06:00  INFO 22436 --- [           main] o.s.s.d.d.r.s.DynamoDBRepositoryFactory  : AWS SDK Version:              1.11.64
2024-01-15T00:52:41.194+06:00  INFO 22436 --- [           main] o.s.s.d.d.r.s.DynamoDBRepositoryFactory  : Java Version:                 17.0.4.1 - Java HotSpot(TM) 64-Bit Server VM 17.0.4.1+1-LTS-2
2024-01-15T00:52:41.194+06:00  INFO 22436 --- [           main] o.s.s.d.d.r.s.DynamoDBRepositoryFactory  : Platform Details:             Windows 11 10.0
2024-01-15T00:52:41.194+06:00  WARN 22436 --- [           main] o.s.s.d.d.r.s.DynamoDBRepositoryFactory  : This Spring Data DynamoDB implementation might not be compatible with the available Spring Data classes on the classpath!
NoDefClassFoundExceptions or similar might occur!
2024-01-15T00:52:42.424+06:00  INFO 22436 --- [           main] d.d.r.u.Entity2DynamoDBTableSynchronizer : Checking repository classes with DynamoDB tables Dynamo for ContextRefreshedEvent
2024-01-15T00:52:42.427+06:00  INFO 22436 --- [           main] c.example.deploy.DeployApplicationTests  : Started DeployApplicationTests in 5.226 seconds (process running for 7.165)
]]></system-out>
  </testcase>
</testsuite>